<?xml version="1.0" encoding="UTF-8"?>
<testng-results skipped="0" failed="0" ignored="0" total="1" passed="1">
  <reporter-output>
  </reporter-output>
  <suite name="Default suite" duration-ms="8366" started-at="2019-01-05T20:44:04Z" finished-at="2019-01-05T20:44:12Z">
    <groups>
    </groups>
    <test name="Default test" duration-ms="8366" started-at="2019-01-05T20:44:04Z" finished-at="2019-01-05T20:44:12Z">
      <class name="Testcases.TC_001">
        <test-method status="PASS" signature="testcase1()[pri:0, instance:Testcases.TC_001@224edc67]" name="testcase1" duration-ms="8346" started-at="2019-01-05T20:44:04Z" finished-at="2019-01-05T20:44:12Z">
          <reporter-output>
          </reporter-output>
        </test-method> <!-- testcase1 -->
      </class> <!-- Testcases.TC_001 -->
    </test> <!-- Default test -->
  </suite> <!-- Default suite -->
</testng-results>
